<?xml version="1.0" encoding="UTF-8" ?>
<testsuite tests="1" failures="0" name="TestActiveMQ" time="0.908" errors="1" skipped="0">
  <properties>
[...]
</properties>
  <testcase classname="TestActiveMQ" name="test" time="0.846">
    <error message="javax/servlet/http/HttpServletRequest" type="java.lang.NoClassDefFoundError">java.lang.NoClassDefFoundError: javax/servlet/http/HttpServletRequest
	at java.lang.Class.getDeclaredMethods0(Native Method)
	at java.lang.Class.privateGetDeclaredMethods(Class.java:2701)
	at java.lang.Class.getDeclaredMethods(Class.java:1975)
	at org.springframework.beans.factory.annotation.InitDestroyAnnotationBeanPostProcessor.buildLifecycleMetadata(InitDestroyAnnotationBeanPostProcessor.java:194)
	at org.springframework.beans.factory.annotation.InitDestroyAnnotationBeanPostProcessor.findLifecycleMetadata(InitDestroyAnnotationBeanPostProcessor.java:176)
	at org.springframework.beans.factory.annotation.InitDestroyAnnotationBeanPostProcessor.postProcessMergedBeanDefinition(InitDestroyAnnotationBeanPostProcessor.java:122)
	at org.springframework.context.annotation.CommonAnnotationBeanPostProcessor.postProcessMergedBeanDefinition(CommonAnnotationBeanPostProcessor.java:278)
	at org.springframework.beans.factory.support.AbstractAutowireCapableBeanFactory.applyMergedBeanDefinitionPostProcessors(AbstractAutowireCapableBeanFactory.java:797)
	at org.springframework.beans.factory.support.AbstractAutowireCapableBeanFactory.doCreateBean(AbstractAutowireCapableBeanFactory.java:492)
	at org.springframework.beans.factory.support.AbstractAutowireCapableBeanFactory.createBean(AbstractAutowireCapableBeanFactory.java:455)
	at org.springframework.beans.factory.support.AbstractBeanFactory$1.getObject(AbstractBeanFactory.java:293)
	at org.springframework.beans.factory.support.DefaultSingletonBeanRegistry.getSingleton(DefaultSingletonBeanRegistry.java:222)
	at org.springframework.beans.factory.support.AbstractBeanFactory.doGetBean(AbstractBeanFactory.java:290)
	at org.springframework.beans.factory.support.AbstractBeanFactory.getBean(AbstractBeanFactory.java:192)
	at org.springframework.beans.factory.support.DefaultListableBeanFactory.preInstantiateSingletons(DefaultListableBeanFactory.java:585)
	at org.springframework.context.support.AbstractApplicationContext.finishBeanFactoryInitialization(AbstractApplicationContext.java:895)
	at org.springframework.context.support.AbstractApplicationContext.refresh(AbstractApplicationContext.java:425)
	at org.springframework.context.support.ClassPathXmlApplicationContext.&lt;init&gt;(ClassPathXmlApplicationContext.java:139)
	at org.springframework.context.support.ClassPathXmlApplicationContext.&lt;init&gt;(ClassPathXmlApplicationContext.java:83)
	at TestActiveMQ.test(TestActiveMQ.java:11)
	at sun.reflect.NativeMethodAccessorImpl.invoke0(Native Method)
	at sun.reflect.NativeMethodAccessorImpl.invoke(NativeMethodAccessorImpl.java:62)
	at sun.reflect.DelegatingMethodAccessorImpl.invoke(DelegatingMethodAccessorImpl.java:43)
	at java.lang.reflect.Method.invoke(Method.java:498)
	at org.junit.runners.model.FrameworkMethod$1.runReflectiveCall(FrameworkMethod.java:44)
	at org.junit.internal.runners.model.ReflectiveCallable.run(ReflectiveCallable.java:15)
	at org.junit.runners.model.FrameworkMethod.invokeExplosively(FrameworkMethod.java:41)
	at org.junit.internal.runners.statements.InvokeMethod.evaluate(InvokeMethod.java:20)
	at org.junit.runners.BlockJUnit4ClassRunner.runChild(BlockJUnit4ClassRunner.java:76)
	at org.junit.runners.BlockJUnit4ClassRunner.runChild(BlockJUnit4ClassRunner.java:50)
	at org.junit.runners.ParentRunner$3.run(ParentRunner.java:193)
	at org.junit.runners.ParentRunner$1.schedule(ParentRunner.java:52)
	at org.junit.runners.ParentRunner.runChildren(ParentRunner.java:191)
	at org.junit.runners.ParentRunner.access$000(ParentRunner.java:42)
	at org.junit.runners.ParentRunner$2.evaluate(ParentRunner.java:184)
	at org.junit.runners.ParentRunner.run(ParentRunner.java:236)
	at org.apache.maven.surefire.junit4.JUnit4TestSet.execute(JUnit4TestSet.java:53)
	at org.apache.maven.surefire.junit4.JUnit4Provider.executeTestSet(JUnit4Provider.java:123)
	at org.apache.maven.surefire.junit4.JUnit4Provider.invoke(JUnit4Provider.java:104)
	at sun.reflect.NativeMethodAccessorImpl.invoke0(Native Method)
	at sun.reflect.NativeMethodAccessorImpl.invoke(NativeMethodAccessorImpl.java:62)
	at sun.reflect.DelegatingMethodAccessorImpl.invoke(DelegatingMethodAccessorImpl.java:43)
	at java.lang.reflect.Method.invoke(Method.java:498)
	at org.apache.maven.surefire.util.ReflectionUtils.invokeMethodWithArray(ReflectionUtils.java:164)
	at org.apache.maven.surefire.booter.ProviderFactory$ProviderProxy.invoke(ProviderFactory.java:110)
	at org.apache.maven.surefire.booter.SurefireStarter.invokeProvider(SurefireStarter.java:175)
	at org.apache.maven.surefire.booter.SurefireStarter.runSuitesInProcessWhenForked(SurefireStarter.java:107)
	at org.apache.maven.surefire.booter.ForkedBooter.main(ForkedBooter.java:68)
Caused by: java.lang.ClassNotFoundException: javax.servlet.http.HttpServletRequest
	at java.net.URLClassLoader.findClass(URLClassLoader.java:381)
	at java.lang.ClassLoader.loadClass(ClassLoader.java:424)
	at sun.misc.Launcher$AppClassLoader.loadClass(Launcher.java:331)
	at java.lang.ClassLoader.loadClass(ClassLoader.java:357)
	... 48 more
</error>
    <system-out>10:13:08.213 [main] INFO  o.s.c.s.ClassPathXmlApplicationContext - Refreshing org.springframework.context.support.ClassPathXmlApplicationContext@20e2cbe0: startup date [Wed May 24 10:13:08 CST 2017]; root of context hierarchy
10:13:08.274 [main] INFO  o.s.b.f.xml.XmlBeanDefinitionReader - Loading XML bean definitions from class path resource [spring/activityMq.xml]
10:13:08.291 [main] DEBUG o.s.b.f.xml.DefaultDocumentLoader - Using JAXP provider [com.sun.org.apache.xerces.internal.jaxp.DocumentBuilderFactoryImpl]
10:13:08.324 [main] DEBUG o.s.b.f.xml.PluggableSchemaResolver - Loading schema mappings from [META-INF/spring.schemas]
10:13:08.330 [main] DEBUG o.s.b.f.xml.PluggableSchemaResolver - Loaded schema mappings: {http://camel.apache.org/schema/spring/camel-spring-2.14.1.xsd=camel-spring.xsd, http://camel.apache.org/schema/osgi/camel-osgi-2.13.0.xsd=camel-osgi.xsd, http://www.springframework.org/schema/task/spring-task-3.0.xsd=org/springframework/scheduling/config/spring-task-3.0.xsd, http://camel.apache.org/schema/spring/camel-spring-2.8.4.xsd=camel-spring.xsd, http://camel.apache.org/schema/osgi/camel-osgi-2.7.3.xsd=camel-osgi.xsd, http://camel.apache.org/schema/spring/camel-spring-2.9.4.xsd=camel-spring.xsd, http://activemq.apache.org/schema/core/activemq-core-5.14.0.xsd=activemq.xsd, http://www.springframework.org/schema/lang/spring-lang-2.0.xsd=org/springframework/scripting/config/spring-lang-2.0.xsd, http://camel.apache.org/schema/spring/camel-spring-2.10.1.xsd=camel-spring.xsd, http://www.springframework.org/schema/tx/spring-tx-3.0.xsd=org/springframework/transaction/config/spring-tx-3.0.xsd, http://www.springframework.org/schema/cache/spring-cache-4.0.xsd=org/springframework/cache/config/spring-cache-4.0.xsd, http://www.springframework.org/schema/lang/spring-lang-3.0.xsd=org/springframework/scripting/config/spring-lang-3.0.xsd, http://www.springframework.org/schema/util/spring-util-4.1.xsd=org/springframework/beans/factory/xml/spring-util-4.1.xsd, http://www.springframework.org/schema/tool/spring-tool-4.1.xsd=org/springframework/beans/factory/xml/spring-tool-4.1.xsd, http://www.springframework.org/schema/tx/spring-tx-4.0.xsd=org/springframework/transaction/config/spring-tx-4.0.xsd, http://camel.apache.org/schema/spring/camel-spring-2.11.1.xsd=camel-spring.xsd, http://www.springframework.org/schema/beans/spring-beans.xsd=org/springframework/beans/factory/xml/spring-beans-4.1.xsd, http://camel.apache.org/schema/osgi/camel-osgi-2.10.0.xsd=camel-osgi.xsd, http://www.springframework.org/schema/beans/spring-beans-3.0.xsd=org/springframework/beans/factory/xml/spring-beans-3.0.xsd, http://camel.apache.org/schema/osgi/camel-osgi-2.11.0.xsd=camel-osgi.xsd, http://www.springframework.org/schema/beans/spring-beans-4.0.xsd=org/springframework/beans/factory/xml/spring-beans-4.0.xsd, http://activemq.apache.org/schema/core/activemq-core-5.11.0.xsd=activemq.xsd, http://camel.apache.org/schema/osgi/camel-osgi-2.10.7.xsd=camel-osgi.xsd, http://camel.apache.org/schema/spring/camel-spring-2.15.4.xsd=camel-spring.xsd, http://camel.apache.org/schema/spring/camel-spring-2.7.4.xsd=camel-spring.xsd, http://activemq.apache.org/schema/core/activemq-core-5.12.0.xsd=activemq.xsd, http://www.springframework.org/schema/context/spring-context-3.2.xsd=org/springframework/context/config/spring-context-3.2.xsd, http://camel.apache.org/schema/osgi/camel-osgi-2.8.6.xsd=camel-osgi.xsd, http://activemq.apache.org/schema/core/activemq-core-5.13.0.xsd=activemq.xsd, http://camel.apache.org/schema/osgi/camel-osgi-2.9.6.xsd=camel-osgi.xsd, http://activemq.apache.org/schema/core/activemq-core-5.7.0.xsd=activemq.xsd, http://www.springframework.org/schema/tx/spring-tx-2.0.xsd=org/springframework/transaction/config/spring-tx-2.0.xsd, http://camel.apache.org/schema/osgi/camel-osgi-2.16.3.xsd=camel-osgi.xsd, http://www.springframework.org/schema/jee/spring-jee-2.5.xsd=org/springframework/ejb/config/spring-jee-2.5.xsd, http://www.springframework.org/schema/jms/spring-jms.xsd=org/springframework/jms/config/spring-jms-4.1.xsd, http://www.springframework.org/schema/util/spring-util-3.1.xsd=org/springframework/beans/factory/xml/spring-util-3.1.xsd, http://activemq.apache.org/schema/core/activemq-core-5.8.0.xsd=activemq.xsd, http://www.springframework.org/schema/tool/spring-tool-3.1.xsd=org/springframework/beans/factory/xml/spring-tool-3.1.xsd, http://camel.apache.org/schema/spring/camel-spring-2.12.4.xsd=camel-spring.xsd, http://www.springframework.org/schema/beans/spring-beans-2.0.xsd=org/springframework/beans/factory/xml/spring-beans-2.0.xsd, http://activemq.apache.org/schema/core/activemq-core-5.9.0.xsd=activemq.xsd, http://camel.apache.org/schema/spring/camel-spring-2.8.0.xsd=camel-spring.xsd, http://camel.apache.org/schema/spring/camel-spring-2.13.4.xsd=camel-spring.xsd, http://camel.apache.org/schema/osgi/camel-osgi-2.12.3.xsd=camel-osgi.xsd, http://activemq.apache.org/schema/core/activemq-core-5.10.0.xsd=activemq.xsd, http://camel.apache.org/schema/spring/camel-spring-2.9.0.xsd=camel-spring.xsd, http://camel.apache.org/schema/spring/camel-spring-2.14.4.xsd=camel-spring.xsd, http://camel.apache.org/schema/osgi/camel-osgi.xsd=camel-osgi.xsd, http://activemq.apache.org/schema/core/activemq-core-5.5.0.xsd=activemq.xsd, http://www.springframework.org/schema/tool/spring-tool.xsd=org/springframework/beans/factory/xml/spring-tool-4.1.xsd, http://www.springframework.org/schema/jee/spring-jee-4.1.xsd=org/springframework/ejb/config/spring-jee-4.1.xsd, http://camel.apache.org/schema/spring/camel-spring-2.9.7.xsd=camel-spring.xsd, http://activemq.apache.org/schema/core/activemq-core-5.14.3.xsd=activemq.xsd, http://activemq.apache.org/schema/core/activemq-core-5.6.0.xsd=activemq.xsd, http://camel.apache.org/schema/spring/camel-spring-2.5.0.xsd=camel-spring.xsd, http://camel.apache.org/schema/spring/camel-spring-2.10.4.xsd=camel-spring.xsd, http://mybatis.org/schema/mybatis-spring-1.2.xsd=org/mybatis/spring/config/mybatis-spring-1.2.xsd, http://camel.apache.org/schema/spring/camel-spring-2.6.0.xsd=camel-spring.xsd, http://www.springframework.org/schema/jdbc/spring-jdbc.xsd=org/springframework/jdbc/config/spring-jdbc-3.0.xsd, http://camel.apache.org/schema/spring/camel-spring-2.11.4.xsd=camel-spring.xsd, http://camel.apache.org/schema/osgi/camel-osgi-2.10.3.xsd=camel-osgi.xsd, http://camel.apache.org/schema/spring/camel-spring-2.15.0.xsd=camel-spring.xsd, http://camel.apache.org/schema/spring/camel-spring-2.7.0.xsd=camel-spring.xsd, http://activemq.apache.org/schema/core/activemq-core-5.2.0.xsd=activemq.xsd, http://camel.apache.org/schema/osgi/camel-osgi-2.11.3.xsd=camel-osgi.xsd, http://camel.apache.org/schema/osgi/camel-osgi-2.8.2.xsd=camel-osgi.xsd, http://www.springframework.org/schema/context/spring-context.xsd=org/springframework/context/config/spring-context-4.1.xsd, http://camel.apache.org/schema/spring/camel-spring-2.16.0.xsd=camel-spring.xsd, http://activemq.apache.org/schema/core/activemq-core-5.3.0.xsd=activemq.xsd, http://camel.apache.org/schema/osgi/camel-osgi-2.9.2.xsd=camel-osgi.xsd, http://activemq.apache.org/schema/core/activemq-core-5.4.0.xsd=activemq.xsd, http://www.springframework.org/schema/lang/spring-lang.xsd=org/springframework/scripting/config/spring-lang-4.1.xsd, http://camel.apache.org/schema/spring/camel-spring-2.0-M3.xsd=camel-spring.xsd, http://camel.apache.org/schema/spring/camel-spring-2.3.0.xsd=camel-spring.xsd, http://www.springframework.org/schema/jee/spring-jee-3.1.xsd=org/springframework/ejb/config/spring-jee-3.1.xsd, http://activemq.apache.org/schema/core/activemq-core-5.13.3.xsd=activemq.xsd, http://camel.apache.org/schema/spring/camel-spring-2.12.0.xsd=camel-spring.xsd, http://camel.apache.org/schema/spring/camel-spring-2.4.0.xsd=camel-spring.xsd, http://camel.apache.org/schema/osgi/camel-osgi-2.0-M2.xsd=camel-osgi.xsd, http://camel.apache.org/schema/spring/camel-spring-2.13.0.xsd=camel-spring.xsd, http://activemq.apache.org/schema/core/activemq-core-5.0.0.xsd=activemq.xsd, http://camel.apache.org/schema/spring/camel-spring-2.14.0.xsd=camel-spring.xsd, http://activemq.apache.org/schema/core/activemq-core-5.1.0.xsd=activemq.xsd, http://camel.apache.org/schema/spring/camel-spring-2.8.3.xsd=camel-spring.xsd, http://camel.apache.org/schema/osgi/camel-osgi-2.7.2.xsd=camel-osgi.xsd, http://camel.apache.org/schema/spring/camel-spring-2.9.3.xsd=camel-spring.xsd, http://camel.apache.org/schema/spring/camel-spring-2.1.0.xsd=camel-spring.xsd, http://www.springframework.org/schema/context/spring-context-2.5.xsd=org/springframework/context/config/spring-context-2.5.xsd, http://camel.apache.org/schema/spring/camel-spring-2.10.0.xsd=camel-spring.xsd, http://camel.apache.org/schema/spring/camel-spring-2.2.0.xsd=camel-spring.xsd, http://camel.apache.org/schema/spring/v2.16=camel-spring-v2.16.xsd, http://www.springframework.org/schema/util/spring-util-4.0.xsd=org/springframework/beans/factory/xml/spring-util-4.0.xsd, http://camel.apache.org/schema/spring=camel-spring.xsd, http://www.springframework.org/schema/tool/spring-tool-4.0.xsd=org/springframework/beans/factory/xml/spring-tool-4.0.xsd, http://camel.apache.org/schema/spring/camel-spring-2.11.0.xsd=camel-spring.xsd, http://camel.apache.org/schema/spring/camel-spring-2.10.7.xsd=camel-spring.xsd, http://camel.apache.org/schema/osgi/camel-osgi-2.10.6.xsd=camel-osgi.xsd, http://camel.apache.org/schema/spring/camel-spring-2.15.3.xsd=camel-spring.xsd, http://camel.apache.org/schema/spring/camel-spring-2.7.3.xsd=camel-spring.xsd, http://www.springframework.org/schema/context/spring-context-3.1.xsd=org/springframework/context/config/spring-context-3.1.xsd, http://camel.apache.org/schema/osgi/camel-osgi-2.8.5.xsd=camel-osgi.xsd, http://camel.apache.org/schema/spring/camel-spring-2.16.3.xsd=camel-spring.xsd, http://camel.apache.org/schema/spring/camel-spring-2.0.0.xsd=camel-spring.xsd, http://www.springframework.org/schema/context/spring-context-4.1.xsd=org/springframework/context/config/spring-context-4.1.xsd, http://camel.apache.org/schema/osgi/camel-osgi-2.9.5.xsd=camel-osgi.xsd, http://www.springframework.org/schema/util/spring-util-2.0.xsd=org/springframework/beans/factory/xml/spring-util-2.0.xsd, http://www.springframework.org/schema/tool/spring-tool-2.0.xsd=org/springframework/beans/factory/xml/spring-tool-2.0.xsd, http://activemq.org/config/1.0/1.0.xsd=activemq.xsd, http://www.springframework.org/schema/tx/spring-tx.xsd=org/springframework/transaction/config/spring-tx-4.1.xsd, http://www.springframework.org/schema/util/spring-util-3.0.xsd=org/springframework/beans/factory/xml/spring-util-3.0.xsd, http://www.springframework.org/schema/tool/spring-tool-3.0.xsd=org/springframework/beans/factory/xml/spring-tool-3.0.xsd, http://camel.apache.org/schema/spring/camel-spring-2.12.3.xsd=camel-spring.xsd, http://www.springframework.org/schema/jms/spring-jms-3.2.xsd=org/springframework/jms/config/spring-jms-3.2.xsd, http://www.springframework.org/schema/util/spring-util.xsd=org/springframework/beans/factory/xml/spring-util-4.1.xsd, http://www.springframework.org/schema/jdbc/spring-jdbc-3.0.xsd=org/springframework/jdbc/config/spring-jdbc-3.0.xsd, http://camel.apache.org/schema/spring/camel-spring-2.13.3.xsd=camel-spring.xsd, http://camel.apache.org/schema/osgi/camel-osgi-2.12.2.xsd=camel-osgi.xsd, http://camel.apache.org/schema/spring/camel-spring-2.14.3.xsd=camel-spring.xsd, http://camel.apache.org/schema/osgi/camel-osgi-2.13.2.xsd=camel-osgi.xsd, http://www.springframework.org/schema/task/spring-task-3.2.xsd=org/springframework/scheduling/config/spring-task-3.2.xsd, http://camel.apache.org/schema/osgi/camel-osgi-2.7.5.xsd=camel-osgi.xsd, http://camel.apache.org/schema/spring/camel-spring-2.8.6.xsd=camel-spring.xsd, http://www.springframework.org/schema/jee/spring-jee-4.0.xsd=org/springframework/ejb/config/spring-jee-4.0.xsd, http://camel.apache.org/schema/spring/camel-spring-2.9.6.xsd=camel-spring.xsd, http://activemq.apache.org/schema/core/activemq-core-5.14.2.xsd=activemq.xsd, http://www.springframework.org/schema/cache/spring-cache-3.2.xsd=org/springframework/cache/config/spring-cache-3.2.xsd, http://www.springframework.org/schema/tx/spring-tx-3.2.xsd=org/springframework/transaction/config/spring-tx-3.2.xsd, http://camel.apache.org/schema/spring/camel-spring-2.10.3.xsd=camel-spring.xsd, http://www.springframework.org/schema/lang/spring-lang-3.2.xsd=org/springframework/scripting/config/spring-lang-3.2.xsd, http://camel.apache.org/schema/spring/camel-spring-2.11.3.xsd=camel-spring.xsd, http://camel.apache.org/schema/osgi/camel-osgi-2.10.2.xsd=camel-osgi.xsd, http://www.springframework.org/schema/beans/spring-beans-3.2.xsd=org/springframework/beans/factory/xml/spring-beans-3.2.xsd, http://camel.apache.org/schema/osgi/camel-osgi-2.11.2.xsd=camel-osgi.xsd, http://camel.apache.org/schema/osgi/camel-osgi-2.8.1.xsd=camel-osgi.xsd, http://activemq.apache.org/schema/core/activemq-core-5.11.2.xsd=activemq.xsd, http://www.springframework.org/schema/aop/spring-aop-2.5.xsd=org/springframework/aop/config/spring-aop-2.5.xsd, http://camel.apache.org/schema/osgi/camel-osgi-2.9.1.xsd=camel-osgi.xsd, http://camel.apache.org/schema/spring/camel-spring-2.15.6.xsd=camel-spring.xsd, http://www.springframework.org/schema/jee/spring-jee-2.0.xsd=org/springframework/ejb/config/spring-jee-2.0.xsd, http://activemq.apache.org/schema/core/activemq-core-5.12.2.xsd=activemq.xsd, http://camel.apache.org/schema/spring/camel-spring-2.0-M2.xsd=camel-spring.xsd, http://www.springframework.org/schema/jee/spring-jee-3.0.xsd=org/springframework/ejb/config/spring-jee-3.0.xsd, http://activemq.apache.org/schema/core/activemq-core-5.13.2.xsd=activemq.xsd, http://camel.apache.org/schema/osgi/camel-osgi-2.9.8.xsd=camel-osgi.xsd, http://camel.apache.org/schema/osgi/camel-osgi-2.0-M1.xsd=camel-osgi.xsd, http://activemq.org/config/1.0=activemq.xsd, http://www.springframework.org/schema/jms/spring-jms-2.5.xsd=org/springframework/jms/config/spring-jms-2.5.xsd, http://camel.apache.org/schema/spring/camel-spring-2.8.2.xsd=camel-spring.xsd, http://camel.apache.org/schema/osgi/camel-osgi-2.7.1.xsd=camel-osgi.xsd, http://camel.apache.org/schema/spring/camel-spring-2.9.2.xsd=camel-spring.xsd, http://activemq.apache.org/schema/core/activemq-core-5.14.5.xsd=activemq.xsd, http://www.springframework.org/schema/lang/spring-lang-2.5.xsd=org/springframework/scripting/config/spring-lang-2.5.xsd, http://camel.apache.org/schema/spring/camel-spring-2.10.6.xsd=camel-spring.xsd, http://camel.apache.org/schema/osgi/camel-osgi-2.10.5.xsd=camel-osgi.xsd, http://camel.apache.org/schema/spring/camel-spring-2.15.2.xsd=camel-spring.xsd, http://camel.apache.org/schema/spring/camel-spring-2.7.2.xsd=camel-spring.xsd, http://www.springframework.org/schema/task/spring-task-4.1.xsd=org/springframework/scheduling/config/spring-task-4.1.xsd, http://www.springframework.org/schema/context/spring-context-3.0.xsd=org/springframework/context/config/spring-context-3.0.xsd, http://camel.apache.org/schema/osgi/camel-osgi-2.8.4.xsd=camel-osgi.xsd, http://camel.apache.org/schema/spring/camel-spring-2.16.2.xsd=camel-spring.xsd, http://activemq.apache.org/schema/core/activemq-core-5.3.2.xsd=activemq.xsd, http://www.springframework.org/schema/context/spring-context-4.0.xsd=org/springframework/context/config/spring-context-4.0.xsd, http://camel.apache.org/schema/osgi/camel-osgi-2.9.4.xsd=camel-osgi.xsd, http://activemq.apache.org/schema/core/activemq-core-5.4.2.xsd=activemq.xsd, http://www.springframework.org/schema/lang/spring-lang-4.1.xsd=org/springframework/scripting/config/spring-lang-4.1.xsd, http://activemq.apache.org/schema/core/activemq-core-5.13.5.xsd=activemq.xsd, http://camel.apache.org/schema/spring/camel-spring-2.12.2.xsd=camel-spring.xsd, http://www.springframework.org/schema/tx/spring-tx-2.5.xsd=org/springframework/transaction/config/spring-tx-2.5.xsd, http://www.springframework.org/schema/jms/spring-jms-3.1.xsd=org/springframework/jms/config/spring-jms-3.1.xsd, http://camel.apache.org/schema/spring/camel-spring-2.13.2.xsd=camel-spring.xsd, http://camel.apache.org/schema/osgi/camel-osgi-2.12.1.xsd=camel-osgi.xsd, http://www.springframework.org/schema/jms/spring-jms-4.1.xsd=org/springframework/jms/config/spring-jms-4.1.xsd, http://www.springframework.org/schema/beans/spring-beans-2.5.xsd=org/springframework/beans/factory/xml/spring-beans-2.5.xsd, http://camel.apache.org/schema/spring/camel-spring-2.14.2.xsd=camel-spring.xsd, http://camel.apache.org/schema/osgi/camel-osgi-2.13.1.xsd=camel-osgi.xsd, http://www.springframework.org/schema/task/spring-task-3.1.xsd=org/springframework/scheduling/config/spring-task-3.1.xsd, http://camel.apache.org/schema/spring/camel-spring-2.8.5.xsd=camel-spring.xsd, http://camel.apache.org/schema/osgi/camel-osgi-2.7.4.xsd=camel-osgi.xsd, http://camel.apache.org/schema/spring/camel-spring-2.9.5.xsd=camel-spring.xsd, http://activemq.apache.org/schema/core/activemq-core-5.14.1.xsd=activemq.xsd, http://www.springframework.org/schema/cache/spring-cache-3.1.xsd=org/springframework/cache/config/spring-cache-3.1.xsd, http://activemq.apache.org/schema/core/activemq-core.xsd=activemq.xsd, http://www.springframework.org/schema/tx/spring-tx-3.1.xsd=org/springframework/transaction/config/spring-tx-3.1.xsd, http://camel.apache.org/schema/spring/camel-spring-2.10.2.xsd=camel-spring.xsd, http://www.springframework.org/schema/mvc/spring-mvc.xsd=org/springframework/web/servlet/config/spring-mvc-3.0.xsd, http://www.springframework.org/schema/cache/spring-cache-4.1.xsd=org/springframework/cache/config/spring-cache-4.1.xsd, http://www.springframework.org/schema/lang/spring-lang-3.1.xsd=org/springframework/scripting/config/spring-lang-3.1.xsd, http://www.springframework.org/schema/tx/spring-tx-4.1.xsd=org/springframework/transaction/config/spring-tx-4.1.xsd, http://camel.apache.org/schema/spring/camel-spring-2.11.2.xsd=camel-spring.xsd, http://camel.apache.org/schema/osgi/camel-osgi-2.10.1.xsd=camel-osgi.xsd, http://www.springframework.org/schema/beans/spring-beans-3.1.xsd=org/springframework/beans/factory/xml/spring-beans-3.1.xsd, http://camel.apache.org/schema/osgi/camel-osgi-2.11.1.xsd=camel-osgi.xsd, http://camel.apache.org/schema/osgi/camel-osgi-2.8.0.xsd=camel-osgi.xsd, http://www.springframework.org/schema/beans/spring-beans-4.1.xsd=org/springframework/beans/factory/xml/spring-beans-4.1.xsd, http://activemq.apache.org/schema/core/activemq-core-5.11.1.xsd=activemq.xsd, http://camel.apache.org/schema/osgi/camel-osgi-2.9.0.xsd=camel-osgi.xsd, http://camel.apache.org/schema/spring/camel-spring-2.15.5.xsd=camel-spring.xsd, http://camel.apache.org/schema/spring/camel-spring-2.7.5.xsd=camel-spring.xsd, http://camel.apache.org/schema/spring/camel-spring.xsd=camel-spring.xsd, http://activemq.apache.org/schema/core/activemq-core-5.12.1.xsd=activemq.xsd, http://camel.apache.org/schema/spring/camel-spring-2.0-M1.xsd=camel-spring.xsd, http://activemq.apache.org/schema/core/activemq-core-5.13.1.xsd=activemq.xsd, http://activemq.apache.org/schema/core=activemq.xsd, http://camel.apache.org/schema/osgi/camel-osgi-2.9.7.xsd=camel-osgi.xsd, http://camel.apache.org/schema/osgi/camel-osgi-2.5.0.xsd=camel-osgi.xsd, http://www.springframework.org/schema/util/spring-util-3.2.xsd=org/springframework/beans/factory/xml/spring-util-3.2.xsd, http://www.springframework.org/schema/tool/spring-tool-3.2.xsd=org/springframework/beans/factory/xml/spring-tool-3.2.xsd, http://camel.apache.org/schema/osgi/camel-osgi-2.6.0.xsd=camel-osgi.xsd, http://camel.apache.org/schema/spring/camel-spring-2.12.5.xsd=camel-spring.xsd, http://activemq.apache.org/schema/core/activemq-core-5.9.1.xsd=activemq.xsd, http://camel.apache.org/schema/osgi/camel-osgi-2.7.0.xsd=camel-osgi.xsd, http://camel.apache.org/schema/spring/camel-spring-2.8.1.xsd=camel-spring.xsd, http://camel.apache.org/schema/osgi/camel-osgi-2.12.4.xsd=camel-osgi.xsd, http://activemq.apache.org/schema/core/activemq-core-5.10.1.xsd=activemq.xsd, http://www.springframework.org/schema/mvc/spring-mvc-3.0.xsd=org/springframework/web/servlet/config/spring-mvc-3.0.xsd, http://camel.apache.org/schema/spring/camel-spring-2.9.1.xsd=camel-spring.xsd, http://activemq.apache.org/schema/core/activemq-core-5.5.1.xsd=activemq.xsd, http://mybatis.org/schema/mybatis-spring.xsd=org/mybatis/spring/config/mybatis-spring-1.2.xsd, http://camel.apache.org/schema/osgi/camel-osgi-2.3.0.xsd=camel-osgi.xsd, http://camel.apache.org/schema/spring/camel-spring-2.9.8.xsd=camel-spring.xsd, http://activemq.apache.org/schema/core/activemq-core-5.14.4.xsd=activemq.xsd, http://camel.apache.org/schema/osgi/camel-osgi-2.4.0.xsd=camel-osgi.xsd, http://camel.apache.org/schema/spring/camel-spring-2.10.5.xsd=camel-spring.xsd, http://camel.apache.org/schema/osgi/camel-osgi-2.10.4.xsd=camel-osgi.xsd, http://www.springframework.org/schema/aop/spring-aop-2.0.xsd=org/springframework/aop/config/spring-aop-2.0.xsd, http://camel.apache.org/schema/spring/camel-spring-2.15.1.xsd=camel-spring.xsd, http://camel.apache.org/schema/spring/camel-spring-2.7.1.xsd=camel-spring.xsd, http://www.springframework.org/schema/task/spring-task-4.0.xsd=org/springframework/scheduling/config/spring-task-4.0.xsd, http://camel.apache.org/schema/osgi/camel-osgi-2.11.4.xsd=camel-osgi.xsd, http://www.springframework.org/schema/aop/spring-aop-3.0.xsd=org/springframework/aop/config/spring-aop-3.0.xsd, http://camel.apache.org/schema/osgi/camel-osgi-2.8.3.xsd=camel-osgi.xsd, http://camel.apache.org/schema/osgi/camel-osgi-2.0.0.xsd=camel-osgi.xsd, http://camel.apache.org/schema/spring/camel-spring-2.16.1.xsd=camel-spring.xsd, http://www.springframework.org/schema/jee/spring-jee.xsd=org/springframework/ejb/config/spring-jee-4.1.xsd, http://www.springframework.org/schema/cache/spring-cache.xsd=org/springframework/cache/config/spring-cache-4.1.xsd, http://activemq.apache.org/schema/core/activemq-core-5.3.1.xsd=activemq.xsd, http://camel.apache.org/schema/osgi/camel-osgi-2.9.3.xsd=camel-osgi.xsd, http://camel.apache.org/schema/osgi/camel-osgi-2.1.0.xsd=camel-osgi.xsd, http://activemq.apache.org/schema/core/activemq-core-5.4.1.xsd=activemq.xsd, http://www.springframework.org/schema/task/spring-task.xsd=org/springframework/scheduling/config/spring-task-4.1.xsd, http://camel.apache.org/schema/osgi/camel-osgi-2.2.0.xsd=camel-osgi.xsd, http://www.springframework.org/schema/aop/spring-aop.xsd=org/springframework/aop/config/spring-aop-3.0.xsd, http://www.springframework.org/schema/lang/spring-lang-4.0.xsd=org/springframework/scripting/config/spring-lang-4.0.xsd, http://www.springframework.org/schema/jee/spring-jee-3.2.xsd=org/springframework/ejb/config/spring-jee-3.2.xsd, http://activemq.apache.org/schema/core/activemq-core-5.13.4.xsd=activemq.xsd, http://camel.apache.org/schema/spring/camel-spring-2.12.1.xsd=camel-spring.xsd, http://www.springframework.org/schema/util/spring-util-2.5.xsd=org/springframework/beans/factory/xml/spring-util-2.5.xsd, http://www.springframework.org/schema/tool/spring-tool-2.5.xsd=org/springframework/beans/factory/xml/spring-tool-2.5.xsd, http://camel.apache.org/schema/osgi/camel-osgi-2.0-M3.xsd=camel-osgi.xsd, http://www.springframework.org/schema/jms/spring-jms-3.0.xsd=org/springframework/jms/config/spring-jms-3.0.xsd, http://camel.apache.org/schema/spring/camel-spring-2.13.1.xsd=camel-spring.xsd, http://camel.apache.org/schema/osgi/camel-osgi-2.12.0.xsd=camel-osgi.xsd, http://www.springframework.org/schema/jms/spring-jms-4.0.xsd=org/springframework/jms/config/spring-jms-4.0.xsd}
10:13:08.339 [main] DEBUG o.s.b.f.xml.PluggableSchemaResolver - Found XML schema [http://www.springframework.org/schema/beans/spring-beans-3.0.xsd] in classpath: org/springframework/beans/factory/xml/spring-beans-3.0.xsd
10:13:08.401 [main] DEBUG o.s.b.f.xml.PluggableSchemaResolver - Found XML schema [http://www.springframework.org/schema/context/spring-context-3.0.xsd] in classpath: org/springframework/context/config/spring-context-3.0.xsd
10:13:08.409 [main] DEBUG o.s.b.f.xml.PluggableSchemaResolver - Found XML schema [http://www.springframework.org/schema/tool/spring-tool-3.0.xsd] in classpath: org/springframework/beans/factory/xml/spring-tool-3.0.xsd
10:13:08.429 [main] DEBUG o.s.b.f.xml.PluggableSchemaResolver - Found XML schema [http://www.springframework.org/schema/aop/spring-aop-3.0.xsd] in classpath: org/springframework/aop/config/spring-aop-3.0.xsd
10:13:08.441 [main] DEBUG o.s.b.f.x.DefaultBeanDefinitionDocumentReader - Loading bean definitions
10:13:08.455 [main] DEBUG o.s.b.f.x.DefaultNamespaceHandlerResolver - Loaded NamespaceHandler mappings: {http://www.springframework.org/schema/task=org.springframework.scheduling.config.TaskNamespaceHandler, http://activemq.apache.org/schema/core=org.apache.xbean.spring.context.v2.XBeanNamespaceHandler, http://www.springframework.org/schema/p=org.springframework.beans.factory.xml.SimplePropertyNamespaceHandler, http://www.springframework.org/schema/lang=org.springframework.scripting.config.LangNamespaceHandler, http://www.springframework.org/schema/util=org.springframework.beans.factory.xml.UtilNamespaceHandler, http://camel.apache.org/schema/spring/v2.16=org.apache.camel.spring.handler.CamelNamespaceHandler, http://www.springframework.org/schema/c=org.springframework.beans.factory.xml.SimpleConstructorNamespaceHandler, http://www.springframework.org/schema/jee=org.springframework.ejb.config.JeeNamespaceHandler, http://www.springframework.org/schema/tx=org.springframework.transaction.config.TxNamespaceHandler, http://www.springframework.org/schema/jdbc=org.springframework.jdbc.config.JdbcNamespaceHandler, http://www.springframework.org/schema/aop=org.springframework.aop.config.AopNamespaceHandler, http://www.springframework.org/schema/context=org.springframework.context.config.ContextNamespaceHandler, http://www.springframework.org/schema/jms=org.springframework.jms.config.JmsNamespaceHandler, http://www.springframework.org/schema/cache=org.springframework.cache.config.CacheNamespaceHandler, http://mybatis.org/schema/mybatis-spring=org.mybatis.spring.config.NamespaceHandler, http://camel.apache.org/schema/osgi=org.apache.camel.osgi.CamelNamespaceHandler, http://www.springframework.org/schema/mvc=org.springframework.web.servlet.config.MvcNamespaceHandler, http://camel.apache.org/schema/spring=org.apache.camel.spring.handler.CamelNamespaceHandler}
10:13:08.502 [main] DEBUG o.s.c.i.s.PathMatchingResourcePatternResolver - Looking for matching resources in directory tree [D:\work\ROOT\target\classes\com\wm\project]
10:13:08.502 [main] DEBUG o.s.c.i.s.PathMatchingResourcePatternResolver - Searching directory [D:\work\ROOT\target\classes\com\wm\project] for files matching pattern [D:/work/ROOT/target/classes/com/wm/project/**/*.class]
10:13:08.503 [main] DEBUG o.s.c.i.s.PathMatchingResourcePatternResolver - Searching directory [D:\work\ROOT\target\classes\com\wm\project\bean] for files matching pattern [D:/work/ROOT/target/classes/com/wm/project/**/*.class]
10:13:08.507 [main] DEBUG o.s.c.i.s.PathMatchingResourcePatternResolver - Searching directory [D:\work\ROOT\target\classes\com\wm\project\common] for files matching pattern [D:/work/ROOT/target/classes/com/wm/project/**/*.class]
10:13:08.508 [main] DEBUG o.s.c.i.s.PathMatchingResourcePatternResolver - Searching directory [D:\work\ROOT\target\classes\com\wm\project\common\redis] for files matching pattern [D:/work/ROOT/target/classes/com/wm/project/**/*.class]
10:13:08.509 [main] DEBUG o.s.c.i.s.PathMatchingResourcePatternResolver - Searching directory [D:\work\ROOT\target\classes\com\wm\project\common\redis\cluster] for files matching pattern [D:/work/ROOT/target/classes/com/wm/project/**/*.class]
10:13:08.512 [main] DEBUG o.s.c.i.s.PathMatchingResourcePatternResolver - Searching directory [D:\work\ROOT\target\classes\com\wm\project\controller] for files matching pattern [D:/work/ROOT/target/classes/com/wm/project/**/*.class]
10:13:08.513 [main] DEBUG o.s.c.i.s.PathMatchingResourcePatternResolver - Searching directory [D:\work\ROOT\target\classes\com\wm\project\dao] for files matching pattern [D:/work/ROOT/target/classes/com/wm/project/**/*.class]
10:13:08.514 [main] DEBUG o.s.c.i.s.PathMatchingResourcePatternResolver - Searching directory [D:\work\ROOT\target\classes\com\wm\project\listener] for files matching pattern [D:/work/ROOT/target/classes/com/wm/project/**/*.class]
10:13:08.515 [main] DEBUG o.s.c.i.s.PathMatchingResourcePatternResolver - Searching directory [D:\work\ROOT\target\classes\com\wm\project\service] for files matching pattern [D:/work/ROOT/target/classes/com/wm/project/**/*.class]
10:13:08.516 [main] DEBUG o.s.c.i.s.PathMatchingResourcePatternResolver - Searching directory [D:\work\ROOT\target\classes\com\wm\project\serviceImpl] for files matching pattern [D:/work/ROOT/target/classes/com/wm/project/**/*.class]
10:13:08.520 [main] DEBUG o.s.c.i.s.PathMatchingResourcePatternResolver - Resolved location pattern [classpath*:com/wm/project/**/*.class] to resources [file [D:\work\ROOT\target\classes\com\wm\project\bean\IntelligentWordEntity.class], file [D:\work\ROOT\target\classes\com\wm\project\bean\SysUser.class], file [D:\work\ROOT\target\classes\com\wm\project\bean\WXConfig.class], file [D:\work\ROOT\target\classes\com\wm\project\bean\WXMessagerEntity.class], file [D:\work\ROOT\target\classes\com\wm\project\common\HttpRequestUtils.class], file [D:\work\ROOT\target\classes\com\wm\project\common\redis\cluster\JedisClusterClient.class], file [D:\work\ROOT\target\classes\com\wm\project\common\redis\cluster\ListTranscoder.class], file [D:\work\ROOT\target\classes\com\wm\project\common\redis\cluster\ObjectsTranscoder.class], file [D:\work\ROOT\target\classes\com\wm\project\common\redis\cluster\RedisClient.class], file [D:\work\ROOT\target\classes\com\wm\project\common\redis\cluster\SerializeTranscoder.class], file [D:\work\ROOT\target\classes\com\wm\project\common\redis\JRedisPoolConfig$RequestStatus.class], file [D:\work\ROOT\target\classes\com\wm\project\common\redis\JRedisPoolConfig.class], file [D:\work\ROOT\target\classes\com\wm\project\common\redis\TestRedis.class], file [D:\work\ROOT\target\classes\com\wm\project\common\SpringContextHolder.class], file [D:\work\ROOT\target\classes\com\wm\project\controller\TestUserController.class], file [D:\work\ROOT\target\classes\com\wm\project\controller\WXWebController.class], file [D:\work\ROOT\target\classes\com\wm\project\dao\MysqlBaseDao.class], file [D:\work\ROOT\target\classes\com\wm\project\dao\MySqlBaseDaoImpl.class], file [D:\work\ROOT\target\classes\com\wm\project\dao\SysUserDao.class], file [D:\work\ROOT\target\classes\com\wm\project\dao\SysUserDaoImpl.class], file [D:\work\ROOT\target\classes\com\wm\project\listener\UserInfoListener.class], file [D:\work\ROOT\target\classes\com\wm\project\service\ReceiverService.class], file [D:\work\ROOT\target\classes\com\wm\project\service\SenderService.class], file [D:\work\ROOT\target\classes\com\wm\project\serviceImpl\ReceiverServiceImpl.class], file [D:\work\ROOT\target\classes\com\wm\project\serviceImpl\SenderServiceImpl$1.class], file [D:\work\ROOT\target\classes\com\wm\project\serviceImpl\SenderServiceImpl.class]]
10:13:08.580 [main] DEBUG o.s.c.a.ClassPathBeanDefinitionScanner - Identified candidate component class: file [D:\work\ROOT\target\classes\com\wm\project\controller\TestUserController.class]
10:13:08.583 [main] DEBUG o.s.c.a.ClassPathBeanDefinitionScanner - Identified candidate component class: file [D:\work\ROOT\target\classes\com\wm\project\controller\WXWebController.class]
10:13:08.584 [main] DEBUG o.s.c.a.ClassPathBeanDefinitionScanner - Identified candidate component class: file [D:\work\ROOT\target\classes\com\wm\project\dao\SysUserDao.class]
10:13:08.589 [main] DEBUG o.s.c.a.ClassPathBeanDefinitionScanner - Identified candidate component class: file [D:\work\ROOT\target\classes\com\wm\project\dao\SysUserDaoImpl.class]
10:13:08.590 [main] DEBUG o.s.c.a.ClassPathBeanDefinitionScanner - Identified candidate component class: file [D:\work\ROOT\target\classes\com\wm\project\listener\UserInfoListener.class]
10:13:08.592 [main] DEBUG o.s.c.a.ClassPathBeanDefinitionScanner - Identified candidate component class: file [D:\work\ROOT\target\classes\com\wm\project\serviceImpl\ReceiverServiceImpl.class]
10:13:08.594 [main] DEBUG o.s.c.a.ClassPathBeanDefinitionScanner - Identified candidate component class: file [D:\work\ROOT\target\classes\com\wm\project\serviceImpl\SenderServiceImpl.class]
10:13:08.618 [main] DEBUG o.s.b.f.xml.XmlBeanDefinitionReader - Loaded 16 bean definitions from location pattern [spring/activityMq.xml]
10:13:08.618 [main] DEBUG o.s.c.s.ClassPathXmlApplicationContext - Bean factory for org.springframework.context.support.ClassPathXmlApplicationContext@20e2cbe0: org.springframework.beans.factory.support.DefaultListableBeanFactory@1068e947: defining beans [org.springframework.context.annotation.internalConfigurationAnnotationProcessor,org.springframework.context.annotation.internalAutowiredAnnotationProcessor,org.springframework.context.annotation.internalRequiredAnnotationProcessor,org.springframework.context.annotation.internalCommonAnnotationProcessor,testUserController,WXWebController,sysUserDao,sysUserDaoImpl,userPushListener,receiverServiceImpl,senderServiceImpl,org.springframework.aop.config.internalAutoProxyCreator,internalTargetConnectionFactory,internalConnectionFactory,internalJmsTemplate,userServiceQueue]; root of factory hierarchy
10:13:08.650 [main] DEBUG o.s.b.f.s.DefaultListableBeanFactory - Creating shared instance of singleton bean &apos;org.springframework.context.annotation.internalConfigurationAnnotationProcessor&apos;
10:13:08.650 [main] DEBUG o.s.b.f.s.DefaultListableBeanFactory - Creating instance of bean &apos;org.springframework.context.annotation.internalConfigurationAnnotationProcessor&apos;
10:13:08.668 [main] DEBUG o.s.b.f.s.DefaultListableBeanFactory - Eagerly caching bean &apos;org.springframework.context.annotation.internalConfigurationAnnotationProcessor&apos; to allow for resolving potential circular references
10:13:08.669 [main] DEBUG o.s.b.f.s.DefaultListableBeanFactory - Finished creating instance of bean &apos;org.springframework.context.annotation.internalConfigurationAnnotationProcessor&apos;
10:13:08.709 [main] DEBUG o.s.b.f.s.DefaultListableBeanFactory - Creating shared instance of singleton bean &apos;org.springframework.context.annotation.internalAutowiredAnnotationProcessor&apos;
10:13:08.709 [main] DEBUG o.s.b.f.s.DefaultListableBeanFactory - Creating instance of bean &apos;org.springframework.context.annotation.internalAutowiredAnnotationProcessor&apos;
10:13:08.711 [main] DEBUG o.s.b.f.s.DefaultListableBeanFactory - Eagerly caching bean &apos;org.springframework.context.annotation.internalAutowiredAnnotationProcessor&apos; to allow for resolving potential circular references
10:13:08.711 [main] DEBUG o.s.b.f.s.DefaultListableBeanFactory - Finished creating instance of bean &apos;org.springframework.context.annotation.internalAutowiredAnnotationProcessor&apos;
10:13:08.712 [main] DEBUG o.s.b.f.s.DefaultListableBeanFactory - Creating shared instance of singleton bean &apos;org.springframework.context.annotation.internalRequiredAnnotationProcessor&apos;
10:13:08.714 [main] DEBUG o.s.b.f.s.DefaultListableBeanFactory - Creating instance of bean &apos;org.springframework.context.annotation.internalRequiredAnnotationProcessor&apos;
10:13:08.714 [main] DEBUG o.s.b.f.s.DefaultListableBeanFactory - Eagerly caching bean &apos;org.springframework.context.annotation.internalRequiredAnnotationProcessor&apos; to allow for resolving potential circular references
10:13:08.715 [main] DEBUG o.s.b.f.s.DefaultListableBeanFactory - Finished creating instance of bean &apos;org.springframework.context.annotation.internalRequiredAnnotationProcessor&apos;
10:13:08.715 [main] DEBUG o.s.b.f.s.DefaultListableBeanFactory - Creating shared instance of singleton bean &apos;org.springframework.context.annotation.internalCommonAnnotationProcessor&apos;
10:13:08.716 [main] DEBUG o.s.b.f.s.DefaultListableBeanFactory - Creating instance of bean &apos;org.springframework.context.annotation.internalCommonAnnotationProcessor&apos;
10:13:08.725 [main] DEBUG o.s.b.f.s.DefaultListableBeanFactory - Eagerly caching bean &apos;org.springframework.context.annotation.internalCommonAnnotationProcessor&apos; to allow for resolving potential circular references
10:13:08.725 [main] DEBUG o.s.b.f.s.DefaultListableBeanFactory - Finished creating instance of bean &apos;org.springframework.context.annotation.internalCommonAnnotationProcessor&apos;
10:13:08.726 [main] DEBUG o.s.b.f.s.DefaultListableBeanFactory - Creating shared instance of singleton bean &apos;org.springframework.aop.config.internalAutoProxyCreator&apos;
10:13:08.727 [main] DEBUG o.s.b.f.s.DefaultListableBeanFactory - Creating instance of bean &apos;org.springframework.aop.config.internalAutoProxyCreator&apos;
10:13:08.756 [main] DEBUG o.s.b.f.s.DefaultListableBeanFactory - Eagerly caching bean &apos;org.springframework.aop.config.internalAutoProxyCreator&apos; to allow for resolving potential circular references
10:13:08.803 [main] DEBUG o.s.b.f.s.DefaultListableBeanFactory - Finished creating instance of bean &apos;org.springframework.aop.config.internalAutoProxyCreator&apos;
10:13:08.806 [main] DEBUG o.s.c.s.ClassPathXmlApplicationContext - Unable to locate MessageSource with name &apos;messageSource&apos;: using default [org.springframework.context.support.DelegatingMessageSource@2fd6b6c7]
10:13:08.809 [main] DEBUG o.s.c.s.ClassPathXmlApplicationContext - Unable to locate ApplicationEventMulticaster with name &apos;applicationEventMulticaster&apos;: using default [org.springframework.context.event.SimpleApplicationEventMulticaster@60dcc9fe]
10:13:08.811 [main] INFO  o.s.b.f.s.DefaultListableBeanFactory - Pre-instantiating singletons in org.springframework.beans.factory.support.DefaultListableBeanFactory@1068e947: defining beans [org.springframework.context.annotation.internalConfigurationAnnotationProcessor,org.springframework.context.annotation.internalAutowiredAnnotationProcessor,org.springframework.context.annotation.internalRequiredAnnotationProcessor,org.springframework.context.annotation.internalCommonAnnotationProcessor,testUserController,WXWebController,sysUserDao,sysUserDaoImpl,userPushListener,receiverServiceImpl,senderServiceImpl,org.springframework.aop.config.internalAutoProxyCreator,internalTargetConnectionFactory,internalConnectionFactory,internalJmsTemplate,userServiceQueue]; root of factory hierarchy
10:13:08.812 [main] DEBUG o.s.b.f.s.DefaultListableBeanFactory - Returning cached instance of singleton bean &apos;org.springframework.context.annotation.internalConfigurationAnnotationProcessor&apos;
10:13:08.812 [main] DEBUG o.s.b.f.s.DefaultListableBeanFactory - Returning cached instance of singleton bean &apos;org.springframework.context.annotation.internalAutowiredAnnotationProcessor&apos;
10:13:08.812 [main] DEBUG o.s.b.f.s.DefaultListableBeanFactory - Returning cached instance of singleton bean &apos;org.springframework.context.annotation.internalRequiredAnnotationProcessor&apos;
10:13:08.813 [main] DEBUG o.s.b.f.s.DefaultListableBeanFactory - Returning cached instance of singleton bean &apos;org.springframework.context.annotation.internalCommonAnnotationProcessor&apos;
10:13:08.813 [main] DEBUG o.s.b.f.s.DefaultListableBeanFactory - Creating shared instance of singleton bean &apos;testUserController&apos;
10:13:08.813 [main] DEBUG o.s.b.f.s.DefaultListableBeanFactory - Creating instance of bean &apos;testUserController&apos;
</system-out>
    <system-err>SLF4J: Class path contains multiple SLF4J bindings.
SLF4J: Found binding in [jar:file:/E:/maven/ch/qos/logback/logback-classic/1.0.6/logback-classic-1.0.6.jar!/org/slf4j/impl/StaticLoggerBinder.class]
SLF4J: Found binding in [jar:file:/E:/maven/org/apache/activemq/activemq-all/5.14.5/activemq-all-5.14.5.jar!/org/slf4j/impl/StaticLoggerBinder.class]
SLF4J: See http://www.slf4j.org/codes.html#multiple_bindings for an explanation.
SLF4J: Actual binding is of type [ch.qos.logback.classic.selector.DefaultContextSelector]
</system-err>
  </testcase>
</testsuite>